<?xml version="1.0" encoding="UTF-8"?>
<testsuite xmlns:xsi="http://www.w3.org/2001/XMLSchema-instance" xsi:noNamespaceSchemaLocation="https://maven.apache.org/surefire/maven-surefire-plugin/xsd/surefire-test-report.xsd" name="com.kawa.products.productsapi.db.repository.ProductRepositoryImplTest" time="0.136" tests="6" errors="0" skipped="0" failures="0">
  <properties>
[...]
</properties>
  <testcase name="testGetAll_ProductDbRepositoryReturnsNoItems" classname="com.kawa.products.productsapi.db.repository.ProductRepositoryImplTest" time="0.115"/>
  <testcase name="testGetById_ProductDbRepositoryReturnsAbsent" classname="com.kawa.products.productsapi.db.repository.ProductRepositoryImplTest" time="0.005"/>
  <testcase name="testSave" classname="com.kawa.products.productsapi.db.repository.ProductRepositoryImplTest" time="0.004"/>
  <testcase name="testGetById" classname="com.kawa.products.productsapi.db.repository.ProductRepositoryImplTest" time="0.002"/>
  <testcase name="testDeleteById" classname="com.kawa.products.productsapi.db.repository.ProductRepositoryImplTest" time="0.002"/>
  <testcase name="testGetAll" classname="com.kawa.products.productsapi.db.repository.ProductRepositoryImplTest" time="0.006"/>
</testsuite>